<?xml version="1.0" encoding="UTF-8"?>
<!-- Generated by org.testng.reporters.JUnitReportReporter -->
<testsuite skipped="0" hostname="PratikP" name="com.test.OperatorTest" tests="1" failures="0" timestamp="16 Dec 2023 13:37:11 GMT" time="9.178" errors="0">
  <testcase name="verifyTitleOfOperatorPage" time="9.178" classname="com.test.OperatorTest"/>
</testsuite> <!-- com.test.OperatorTest -->
