<?xml version="1.0" encoding="UTF-8"?>
<!-- Generated by org.testng.reporters.JUnitReportReporter -->
<testsuite skipped="0" hostname="PratikP" name="com.test.DownloadTest" tests="1" failures="0" timestamp="16 Dec 2023 13:36:16 GMT" time="8.975" errors="0">
  <testcase name="verifyTitleOfDownloadPage" time="8.975" classname="com.test.DownloadTest"/>
</testsuite> <!-- com.test.DownloadTest -->
