<?xml version="1.0" encoding="UTF-8"?>
<!-- Generated by org.testng.reporters.JUnitReportReporter -->
<testsuite skipped="0" hostname="PratikP" name="com.test.UsefulLinkTest" tests="1" failures="0" timestamp="16 Dec 2023 13:32:19 GMT" time="6.986" errors="0">
  <testcase name="verifyUsefulLinkPageTilte" time="6.986" classname="com.test.UsefulLinkTest"/>
</testsuite> <!-- com.test.UsefulLinkTest -->
