<?xml version="1.0" encoding="UTF-8"?>
<!-- Generated by org.testng.reporters.JUnitReportReporter -->
<testsuite skipped="0" hostname="PratikP" name="com.test.LoginTest" tests="1" failures="0" timestamp="17 Dec 2023 05:17:06 GMT" time="5.532" errors="0">
  <testcase name="validateTitleOfDash" time="5.532" classname="com.test.LoginTest"/>
</testsuite> <!-- com.test.LoginTest -->
