<?xml version="1.0" encoding="UTF-8"?>
<!-- Generated by org.testng.reporters.JUnitReportReporter -->
<testsuite skipped="0" hostname="PratikP" name="com.test.UserTest" tests="1" failures="0" timestamp="16 Dec 2023 10:08:15 GMT" time="9.001" errors="0">
  <testcase name="validateTitleOfUserPage" time="9.001" classname="com.test.UserTest"/>
</testsuite> <!-- com.test.UserTest -->
