<?xml version="1.0" encoding="UTF-8"?>
<!-- Generated by org.testng.reporters.JUnitReportReporter -->
<testsuite skipped="0" hostname="PratikP" name="com.test.DashTest" tests="1" failures="0" timestamp="17 Dec 2023 04:13:02 GMT" time="5.574" errors="0">
  <testcase name="validateNameOfCourse" time="5.574" classname="com.test.DashTest"/>
</testsuite> <!-- com.test.DashTest -->
